{"logTime": "0812/143626", "correlationVector":"J3OdtyTfWUGSUaF0MrTQRW.1","action":"SyncServerConnectionManagerRequest", "result":"SYNC_SERVER_OK", "context":{"environment":"Prod_southeastasia_prod-s01-064-apac-southeastasia", "migrationStage":"NotStarted", "server":"akswtt10000001j"}}
{"logTime": "0812/143627", "correlationVector":"J3OdtyTfWUGSUaF0MrTQRW.2","action":"AAD.Mip.Unpack", "result":"Success", "context":MIP_CLOUD_COMMERCIAL:Success}
{"logTime": "0812/143627", "correlationVector":"J3OdtyTfWUGSUaF0MrTQRW.3","action":"EncryptionKeysManager::SetEncryptionKeys:", "result":"Success", "context":Key names[4]:[ic8luNzfrPCVFzIyC1mHK4SenV99zVcV8FBWiJP79m8guVmqHQJu1DypIg21YQLE+rrHdT18KwjJ2p4t/XCOMQ==][oPOuEvhObDoOZESbwV24lYJ62yti17mmBT4ifKfjYBhaZaftpCXn1jaNRCNSCAmxSYqFQnjpSCxQ3lMqqXk6aw==][H/a5KCQOKA7Q3g6pvsMZUlxiZkCweUH1bawWVEno4byE7+r5QMWy3i/nttFJu3oCApf3dMP+QvXo3qIxMpNBPg==][YEVIBadLqHPqab0U7vp9mPp5oZCo3SWcQzSbd3bfwj5r5h+idmUaHR4ZJ3zyhF/XqpAp1iMquSQWVQQm5BOGlw==]}
{"logTime": "0812/143627", "correlationVector":"J3OdtyTfWUGSUaF0MrTQRW.4","action":"AAD.GetKeyResponse", "result":"Success", "context":Keys=4.LastKeyStatus=Active. 2025-02-12 22:34:42 +08.State=None. Tags: Current_encryption_keys_tag = 77+977+977+977+9TsS/77+9c++/ve+/vUnvv70m77+9cBpxN1ZD77+93JYnUe+/vRRRdA==, Updated_current_encryption_keys_tag = Empty. Emails: ["delossantosj@students.nu-dasma.edu.ph"]}
{"logTime": "0812/143627", "correlationVector":"J3OdtyTfWUGSUaF0MrTQRW.5","action":"ProcessGetUpdates", "result":"Done", "context":{"dataType":"Encryption Keys", "deleted":"0", "process_failed_to_decrypt":"0", "process_pending_decryption":"0", "process_success":"1", "total":"1"}}
{"logTime": "0812/143627", "correlationVector":"J3OdtyTfWUGSUaF0MrTQRW","action":"Initial GetUpdates", "result":"", "context":Reason: NEW_CLIENT. cV=J3OdtyTfWUGSUaF0MrTQRW}
{"logTime": "0812/143627", "correlationVector":"J3OdtyTfWUGSUaF0MrTQRW.6","action":"GetUpdates Response", "result":"Success", "context":Received 1 update(s). cV=J3OdtyTfWUGSUaF0MrTQRW.0;server=akswtt10000001j;cloudType=Multitenant;environment=Prod_southeastasia_prod-s01-064-apac-southeastasia;migrationStage=NotStarted}
{"logTime": "0812/143627", "correlationVector":"ZryCrj4cnpG/9wyHdg+gha","action":"Initial GetUpdates", "result":"", "context":Reason: NEW_CLIENT. cV=ZryCrj4cnpG/9wyHdg+gha}
{"logTime": "0812/143627", "correlationVector":"ZryCrj4cnpG/9wyHdg+gha.1","action":"SyncServerConnectionManagerRequest", "result":"SYNC_SERVER_OK", "context":{"environment":"Prod_southeastasia_prod-s01-064-apac-southeastasia", "migrationStage":"NotStarted", "server":"akswtt100000022"}}
{"logTime": "0812/143627", "correlationVector":"ZryCrj4cnpG/9wyHdg+gha.2","action":"ProcessGetUpdates", "result":"Done", "context":{"dataType":"Preferences", "deleted":"0", "process_failed_to_decrypt":"0", "process_pending_decryption":"0", "process_success":"54", "total":"54"}}
{"logTime": "0812/143627", "correlationVector":"ZryCrj4cnpG/9wyHdg+gha.3","action":"ProcessGetUpdates", "result":"Done", "context":{"dataType":"Device Info", "deleted":"0", "process_failed_to_decrypt":"0", "process_pending_decryption":"0", "process_success":"12", "total":"12"}}
{"logTime": "0812/143627", "correlationVector":"ZryCrj4cnpG/9wyHdg+gha.4","action":"GetUpdates Response", "result":"Success", "context":Received 66 update(s). cV=ZryCrj4cnpG/9wyHdg+gha.0;server=akswtt100000022;cloudType=Multitenant;environment=Prod_southeastasia_prod-s01-064-apac-southeastasia;migrationStage=NotStarted}
{"logTime": "0812/143627", "correlationVector":"Q26oB/f5MVQYIcLdpIXwaM","action":"Initial GetUpdates", "result":"", "context":Reason: NEW_CLIENT. cV=Q26oB/f5MVQYIcLdpIXwaM}
{"logTime": "0812/143628", "correlationVector":"Q26oB/f5MVQYIcLdpIXwaM.1","action":"SyncServerConnectionManagerRequest", "result":"SYNC_SERVER_OK", "context":{"environment":"Prod_southeastasia_prod-s01-064-apac-southeastasia", "migrationStage":"NotStarted", "server":"akswtt10000002f"}}
{"logTime": "0812/143628", "correlationVector":"Q26oB/f5MVQYIcLdpIXwaM.2","action":"ProcessGetUpdates", "result":"Done", "context":{"dataType":"Bookmarks", "deleted":"0", "process_failed_to_decrypt":"0", "process_pending_decryption":"0", "process_success":"5", "total":"5"}}
{"logTime": "0812/143628", "correlationVector":"Q26oB/f5MVQYIcLdpIXwaM.3","action":"GetUpdates Response", "result":"Success", "context":Received 5 update(s). cV=Q26oB/f5MVQYIcLdpIXwaM.0;server=akswtt10000002f;cloudType=Multitenant;environment=Prod_southeastasia_prod-s01-064-apac-southeastasia;migrationStage=NotStarted}
{"logTime": "0812/143628", "correlationVector":"yd/T9fk9AT2VhkB3SDUECZ","action":"Initial GetUpdates", "result":"", "context":Reason: NEW_CLIENT. cV=yd/T9fk9AT2VhkB3SDUECZ}
{"logTime": "0812/143628", "correlationVector":"yd/T9fk9AT2VhkB3SDUECZ.1","action":"SyncServerConnectionManagerRequest", "result":"SYNC_SERVER_OK", "context":{"environment":"Prod_southeastasia_prod-s01-064-apac-southeastasia", "migrationStage":"NotStarted", "server":"akswtt10000002o"}}
{"logTime": "0812/143628", "correlationVector":"yd/T9fk9AT2VhkB3SDUECZ.2","action":"ProcessGetUpdates", "result":"Done", "context":{"dataType":"Autofill Profiles", "deleted":"0", "process_failed_to_decrypt":"0", "process_pending_decryption":"0", "process_success":"8", "total":"8"}}
{"logTime": "0812/143628", "correlationVector":"yd/T9fk9AT2VhkB3SDUECZ.3","action":"ProcessGetUpdates", "result":"Done", "context":{"dataType":"Autofill", "deleted":"0", "process_failed_to_decrypt":"0", "process_pending_decryption":"0", "process_success":"13", "total":"13"}}
{"logTime": "0812/143628", "correlationVector":"yd/T9fk9AT2VhkB3SDUECZ.4","action":"ProcessGetUpdates", "result":"Done", "context":{"dataType":"Sessions", "deleted":"0", "process_failed_to_decrypt":"0", "process_pending_decryption":"0", "process_success":"1", "total":"1"}}
{"logTime": "0812/143628", "correlationVector":"yd/T9fk9AT2VhkB3SDUECZ.5","action":"ProcessGetUpdates", "result":"Done", "context":{"dataType":"Edge Hub App Usage", "deleted":"0", "process_failed_to_decrypt":"0", "process_pending_decryption":"0", "process_success":"3", "total":"3"}}
{"logTime": "0812/143628", "correlationVector":"yd/T9fk9AT2VhkB3SDUECZ.6","action":"GetUpdates Response", "result":"Success", "context":Received 25 update(s). cV=yd/T9fk9AT2VhkB3SDUECZ.0;server=akswtt10000002o;cloudType=Multitenant;environment=Prod_southeastasia_prod-s01-064-apac-southeastasia;migrationStage=NotStarted}
{"logTime": "0812/143628", "correlationVector":"uxjzcWdg9/WzDp0xGZQNwU","action":"Initial GetUpdates", "result":"", "context":Reason: NEW_CLIENT. cV=uxjzcWdg9/WzDp0xGZQNwU}
{"logTime": "0812/143628", "correlationVector":"uxjzcWdg9/WzDp0xGZQNwU.1","action":"SyncServerConnectionManagerRequest", "result":"SYNC_SERVER_OK", "context":{"environment":"Prod_southeastasia_prod-s01-064-apac-southeastasia", "migrationStage":"NotStarted", "server":"akswtt10000002f"}}
{"logTime": "0812/143628", "correlationVector":"uxjzcWdg9/WzDp0xGZQNwU.2","action":"GetUpdates Response", "result":"Success", "context":Received 0 update(s). cV=uxjzcWdg9/WzDp0xGZQNwU.0;server=akswtt10000002f;cloudType=Multitenant;environment=Prod_southeastasia_prod-s01-064-apac-southeastasia;migrationStage=NotStarted}
{"logTime": "0812/143628", "correlationVector":"tXXPOi3eOZVxR+wMcg+v1O","action":"Normal GetUpdate request", "result":"", "context":cV=tXXPOi3eOZVxR+wMcg+v1O
Nudged types: Sessions, Device Info, User Consents
Refresh requested types: Bookmarks, Preferences, Passwords, Autofill Profiles, Autofill, Extensions, Sessions, Extension settings, History Delete Directives, Device Info, User Consents, Send Tab To Self, Web Apps, History, Saved Tab Group, WebAuthn Credentials, Collection, Edge E Drop, Edge Hub App Usage, Edge Wallet, Encryption Keys}
{"logTime": "0812/143628", "correlationVector":"tXXPOi3eOZVxR+wMcg+v1O.1","action":"SyncServerConnectionManagerRequest", "result":"SYNC_SERVER_OK", "context":{"environment":"Prod_southeastasia_prod-s01-064-apac-southeastasia", "migrationStage":"NotStarted", "server":"akswtt100000001"}}
{"logTime": "0812/143628", "correlationVector":"tXXPOi3eOZVxR+wMcg+v1O.2","action":"GetUpdates Response", "result":"Success", "context":Received 0 update(s). cV=tXXPOi3eOZVxR+wMcg+v1O.0;server=akswtt100000001;cloudType=Multitenant;environment=Prod_southeastasia_prod-s01-064-apac-southeastasia;migrationStage=NotStarted}
{"logTime": "0812/143628", "correlationVector":"8WBX/sUTz9HQUOmwS08gVO","action":"DoCompareDataConsistency requsted types: ", "result":"Bookmarks, Preferences, Passwords, Extensions, Extension settings, History Delete Directives, Send Tab To Self, Web Apps, History, Saved Tab Group, WebAuthn Credentials, Collection, Edge E Drop, Edge Wallet, Encryption Keys"}
{"logTime": "0812/143628", "correlationVector":"8WBX/sUTz9HQUOmwS08gVO.0","action":"CompareDataConsistency result: ", "result":"Compare result: Encryption Keys is consistent. local entities count is: 1 local entities hash is: fg+vkLPHzE4uekXI0lVubdD9IzI="}
{"logTime": "0812/143628", "correlationVector":"8WBX/sUTz9HQUOmwS08gVO.1","action":"CompareDataConsistency result: ", "result":"Compare result: Bookmarks is consistent. local entities count is: 0 local entities hash is: "}
{"logTime": "0812/143628", "correlationVector":"8WBX/sUTz9HQUOmwS08gVO.2","action":"CompareDataConsistency result: ", "result":"Compare result: Preferences is consistent. local entities count is: 54 local entities hash is: /9zReRzk8OSM13vayPTnIFmhuSs="}
{"logTime": "0812/143628", "correlationVector":"8WBX/sUTz9HQUOmwS08gVO.3","action":"CompareDataConsistency result: ", "result":"Compare result: Passwords is consistent. local entities count is: 0 local entities hash is: "}
{"logTime": "0812/143628", "correlationVector":"8WBX/sUTz9HQUOmwS08gVO.4","action":"CompareDataConsistency result: ", "result":"Compare result: Extensions is consistent. local entities count is: 0 local entities hash is: "}
{"logTime": "0812/143628", "correlationVector":"8WBX/sUTz9HQUOmwS08gVO.5","action":"CompareDataConsistency result: ", "result":"Compare result: Extension settings is consistent. local entities count is: 0 local entities hash is: "}
{"logTime": "0812/143628", "correlationVector":"8WBX/sUTz9HQUOmwS08gVO.6","action":"CompareDataConsistency result: ", "result":"Compare result: History Delete Directives is consistent. local entities count is: 0 local entities hash is: "}
{"logTime": "0812/143628", "correlationVector":"8WBX/sUTz9HQUOmwS08gVO.7","action":"CompareDataConsistency result: ", "result":"Server did not send this Send Tab To Self local entities count is: 0 local entities hash is: "}
{"logTime": "0812/143628", "correlationVector":"8WBX/sUTz9HQUOmwS08gVO.8","action":"CompareDataConsistency result: ", "result":"Compare result: Web Apps is consistent. local entities count is: 0 local entities hash is: "}
{"logTime": "0812/143628", "correlationVector":"8WBX/sUTz9HQUOmwS08gVO.9","action":"CompareDataConsistency result: ", "result":"Server did not send this History local entities count is: 0 local entities hash is: "}
{"logTime": "0812/143628", "correlationVector":"8WBX/sUTz9HQUOmwS08gVO.10","action":"CompareDataConsistency result: ", "result":"Compare result: Saved Tab Group is consistent. local entities count is: 0 local entities hash is: "}
{"logTime": "0812/143628", "correlationVector":"8WBX/sUTz9HQUOmwS08gVO.11","action":"CompareDataConsistency result: ", "result":"Server did not send this WebAuthn Credentials local entities count is: 0 local entities hash is: "}
{"logTime": "0812/143628", "correlationVector":"8WBX/sUTz9HQUOmwS08gVO.12","action":"CompareDataConsistency result: ", "result":"Compare result: Collection is consistent. local entities count is: 0 local entities hash is: "}
{"logTime": "0812/143628", "correlationVector":"8WBX/sUTz9HQUOmwS08gVO.13","action":"CompareDataConsistency result: ", "result":"Compare result: Edge E Drop is consistent. local entities count is: 0 local entities hash is: "}
{"logTime": "0812/143628", "correlationVector":"8WBX/sUTz9HQUOmwS08gVO.14","action":"CompareDataConsistency result: ", "result":"Compare result: Edge Wallet is consistent. local entities count is: 0 local entities hash is: "}
{"logTime": "0812/143628", "correlationVector":"iKigDkXbWA1z03GbGYkJRM","action":"Commit Request", "result":"", "context":Item count: 4
Contributing types: Sessions, Device Info, User Consents}
{"logTime": "0812/143629", "correlationVector":"iKigDkXbWA1z03GbGYkJRM.1","action":"SyncServerConnectionManagerRequest", "result":"SYNC_SERVER_OK", "context":{"environment":"Prod_southeastasia_prod-s01-064-apac-southeastasia", "migrationStage":"NotStarted", "server":"akswtt10000001z"}}
{"logTime": "0812/143629", "correlationVector":"iKigDkXbWA1z03GbGYkJRM.2","action":"Commit Response", "result":"Success", "context":Result: Success. cV=iKigDkXbWA1z03GbGYkJRM.0;server=akswtt10000001z;cloudType=Multitenant;environment=Prod_southeastasia_prod-s01-064-apac-southeastasia;migrationStage=NotStarted}
{"logTime": "0812/143629", "correlationVector":"","action":"DIAGNOSTIC_REQUEST|v1/diagnosticData/Diagnostic.SendCheckResult()|SUCCESS", "result":""}
{"logTime": "0812/143630", "correlationVector":"6/kCUKjua228J/KZDTHuDy","action":"Commit Request", "result":"", "context":Item count: 1
Contributing types: User Consents}
{"logTime": "0812/143630", "correlationVector":"6/kCUKjua228J/KZDTHuDy.1","action":"SyncServerConnectionManagerRequest", "result":"SYNC_SERVER_OK", "context":{"environment":"Prod_southeastasia_prod-s01-064-apac-southeastasia", "migrationStage":"NotStarted", "server":"akswtt10000001y"}}
{"logTime": "0812/143630", "correlationVector":"6/kCUKjua228J/KZDTHuDy.2","action":"Commit Response", "result":"Success", "context":Result: Success. cV=6/kCUKjua228J/KZDTHuDy.0;server=akswtt10000001y;cloudType=Multitenant;environment=Prod_southeastasia_prod-s01-064-apac-southeastasia;migrationStage=NotStarted}
{"logTime": "0812/143633", "correlationVector":"KErXD7jE+68ndzwwQ6C+F9","action":"Commit Request", "result":"", "context":Item count: 2
Contributing types: Edge Hub App Usage}
{"logTime": "0812/143634", "correlationVector":"KErXD7jE+68ndzwwQ6C+F9.1","action":"SyncServerConnectionManagerRequest", "result":"SYNC_SERVER_OK", "context":{"environment":"Prod_southeastasia_prod-s01-065-apac-southeastasia", "migrationStage":"NotStarted", "server":"akswtt10000000g"}}
{"logTime": "0812/143634", "correlationVector":"KErXD7jE+68ndzwwQ6C+F9.2","action":"Commit Response", "result":"Success", "context":Result: Success. cV=KErXD7jE+68ndzwwQ6C+F9.0;server=akswtt10000000g;cloudType=Multitenant;environment=Prod_southeastasia_prod-s01-065-apac-southeastasia;migrationStage=NotStarted}
{"logTime": "0812/143739", "correlationVector":"GWEaScUpoXyzJCGXBS2OsV","action":"Commit Request", "result":"", "context":Item count: 13
Contributing types: Sessions, History}
{"logTime": "0812/143740", "correlationVector":"GWEaScUpoXyzJCGXBS2OsV.1","action":"SyncServerConnectionManagerRequest", "result":"SYNC_SERVER_OK", "context":{"environment":"Prod_southeastasia_prod-s01-064-apac-southeastasia", "migrationStage":"NotStarted", "server":"akswtt10000001z"}}
{"logTime": "0812/143740", "correlationVector":"GWEaScUpoXyzJCGXBS2OsV.2","action":"Commit Response", "result":"Success", "context":Result: Success. cV=GWEaScUpoXyzJCGXBS2OsV.0;server=akswtt10000001z;cloudType=Multitenant;environment=Prod_southeastasia_prod-s01-064-apac-southeastasia;migrationStage=NotStarted}
{"logTime": "0812/144040", "correlationVector":"Si8miDiO+JsKtmSHM+dBU6","action":"Commit Request", "result":"", "context":Item count: 8
Contributing types: Sessions, History}
{"logTime": "0812/144040", "correlationVector":"Si8miDiO+JsKtmSHM+dBU6.1","action":"SyncServerConnectionManagerRequest", "result":"SYNC_SERVER_OK", "context":{"environment":"Prod_southeastasia_prod-s01-064-apac-southeastasia", "migrationStage":"NotStarted", "server":"akswtt10000000b"}}
{"logTime": "0812/144040", "correlationVector":"Si8miDiO+JsKtmSHM+dBU6.2","action":"Commit Response", "result":"Success", "context":Result: Success. cV=Si8miDiO+JsKtmSHM+dBU6.0;server=akswtt10000000b;cloudType=Multitenant;environment=Prod_southeastasia_prod-s01-064-apac-southeastasia;migrationStage=NotStarted}
{"logTime": "0812/150013", "correlationVector":"28Bk4R6rwn7xHZo6soE5tK","action":"Normal GetUpdate request", "result":"", "context":cV=28Bk4R6rwn7xHZo6soE5tK
Notified types: Device Info}
{"logTime": "0812/150014", "correlationVector":"28Bk4R6rwn7xHZo6soE5tK.1","action":"SyncServerConnectionManagerRequest", "result":"SYNC_SERVER_OK", "context":{"environment":"Prod_southeastasia_prod-s01-064-apac-southeastasia", "migrationStage":"NotStarted", "server":"akswtt100000028"}}
{"logTime": "0812/150014", "correlationVector":"28Bk4R6rwn7xHZo6soE5tK.2","action":"ProcessGetUpdates", "result":"Done", "context":{"dataType":"Sessions", "deleted":"0", "process_failed_to_decrypt":"0", "process_pending_decryption":"0", "process_success":"4", "total":"4"}}
{"logTime": "0812/150014", "correlationVector":"28Bk4R6rwn7xHZo6soE5tK.3","action":"ProcessGetUpdates", "result":"Done", "context":{"dataType":"Device Info", "deleted":"0", "process_failed_to_decrypt":"0", "process_pending_decryption":"0", "process_success":"2", "total":"2"}}
{"logTime": "0812/150014", "correlationVector":"28Bk4R6rwn7xHZo6soE5tK.4","action":"ProcessGetUpdates", "result":"Done", "context":{"dataType":"History", "deleted":"0", "process_failed_to_decrypt":"0", "process_pending_decryption":"0", "process_success":"18", "total":"18"}}
{"logTime": "0812/150014", "correlationVector":"28Bk4R6rwn7xHZo6soE5tK.5","action":"ProcessGetUpdates", "result":"Done", "context":{"dataType":"Edge Hub App Usage", "deleted":"0", "process_failed_to_decrypt":"0", "process_pending_decryption":"0", "process_success":"2", "total":"2"}}
{"logTime": "0812/150014", "correlationVector":"28Bk4R6rwn7xHZo6soE5tK.6","action":"GetUpdates Response", "result":"Success", "context":Received 26 update(s). cV=28Bk4R6rwn7xHZo6soE5tK.0;server=akswtt100000028;cloudType=Multitenant;environment=Prod_southeastasia_prod-s01-064-apac-southeastasia;migrationStage=NotStarted}
{"logTime": "0812/150031", "correlationVector":"l5kc/2KL6dzBGhwVpPE/aJ","action":"Normal GetUpdate request", "result":"", "context":cV=l5kc/2KL6dzBGhwVpPE/aJ
Notified types: Edge Hub App Usage}
{"logTime": "0812/150031", "correlationVector":"l5kc/2KL6dzBGhwVpPE/aJ.1","action":"SyncServerConnectionManagerRequest", "result":"SYNC_SERVER_OK", "context":{"environment":"Prod_southeastasia_prod-s01-064-apac-southeastasia", "migrationStage":"NotStarted", "server":"akswtt100000013"}}
{"logTime": "0812/150031", "correlationVector":"l5kc/2KL6dzBGhwVpPE/aJ.2","action":"ProcessGetUpdates", "result":"Done", "context":{"dataType":"Edge Hub App Usage", "deleted":"0", "process_failed_to_decrypt":"0", "process_pending_decryption":"0", "process_success":"1", "total":"1"}}
{"logTime": "0812/150031", "correlationVector":"l5kc/2KL6dzBGhwVpPE/aJ.3","action":"GetUpdates Response", "result":"Success", "context":Received 1 update(s). cV=l5kc/2KL6dzBGhwVpPE/aJ.0;server=akswtt100000013;cloudType=Multitenant;environment=Prod_southeastasia_prod-s01-064-apac-southeastasia;migrationStage=NotStarted}
{"logTime": "0812/153400", "correlationVector":"81vik0d2qF7QZji5To0p00.1","action":"SyncServerConnectionManagerRequest", "result":"SYNC_SERVER_OK", "context":{"environment":"Prod_southeastasia_prod-s01-064-apac-southeastasia", "migrationStage":"NotStarted", "server":"akswtt10000001b"}}
{"logTime": "0812/153401", "correlationVector":"81vik0d2qF7QZji5To0p00.2","action":"AAD.Mip.Unpack", "result":"Success", "context":MIP_CLOUD_COMMERCIAL:Success}
{"logTime": "0812/153401", "correlationVector":"81vik0d2qF7QZji5To0p00.3","action":"EncryptionKeysManager::SetEncryptionKeys:", "result":"Success", "context":Key names[4]:[ic8luNzfrPCVFzIyC1mHK4SenV99zVcV8FBWiJP79m8guVmqHQJu1DypIg21YQLE+rrHdT18KwjJ2p4t/XCOMQ==][oPOuEvhObDoOZESbwV24lYJ62yti17mmBT4ifKfjYBhaZaftpCXn1jaNRCNSCAmxSYqFQnjpSCxQ3lMqqXk6aw==][H/a5KCQOKA7Q3g6pvsMZUlxiZkCweUH1bawWVEno4byE7+r5QMWy3i/nttFJu3oCApf3dMP+QvXo3qIxMpNBPg==][YEVIBadLqHPqab0U7vp9mPp5oZCo3SWcQzSbd3bfwj5r5h+idmUaHR4ZJ3zyhF/XqpAp1iMquSQWVQQm5BOGlw==]}
{"logTime": "0812/153401", "correlationVector":"81vik0d2qF7QZji5To0p00.4","action":"AAD.GetKeyResponse", "result":"Success", "context":Keys=4.LastKeyStatus=Active. 2025-02-12 22:34:42 +08.State=None. Tags: Current_encryption_keys_tag = 77+977+977+977+9TsS/77+9c++/ve+/vUnvv70m77+9cBpxN1ZD77+93JYnUe+/vRRRdA==, Updated_current_encryption_keys_tag = Empty. Emails: ["delossantosj@students.nu-dasma.edu.ph"]}
{"logTime": "0812/153401", "correlationVector":"81vik0d2qF7QZji5To0p00.5","action":"ProcessGetUpdates", "result":"Done", "context":{"dataType":"Encryption Keys", "deleted":"0", "process_failed_to_decrypt":"0", "process_pending_decryption":"0", "process_success":"1", "total":"1"}}
{"logTime": "0812/153401", "correlationVector":"81vik0d2qF7QZji5To0p00","action":"Initial GetUpdates", "result":"", "context":Reason: NEW_CLIENT. cV=81vik0d2qF7QZji5To0p00}
{"logTime": "0812/153401", "correlationVector":"81vik0d2qF7QZji5To0p00.6","action":"GetUpdates Response", "result":"Success", "context":Received 1 update(s). cV=81vik0d2qF7QZji5To0p00.0;server=akswtt10000001b;cloudType=Multitenant;environment=Prod_southeastasia_prod-s01-064-apac-southeastasia;migrationStage=NotStarted}
{"logTime": "0812/153401", "correlationVector":"PxoboB7JGfvH5qQqQ2bx/M","action":"Normal GetUpdate request", "result":"", "context":cV=PxoboB7JGfvH5qQqQ2bx/M
Nudged types: Sessions, History
Refresh requested types: Bookmarks, Preferences, Passwords, Autofill Profiles, Autofill, Extensions, Sessions, Extension settings, History Delete Directives, Device Info, User Consents, Send Tab To Self, Web Apps, History, Saved Tab Group, WebAuthn Credentials, Collection, Edge E Drop, Edge Hub App Usage, Edge Wallet, Encryption Keys}
{"logTime": "0812/153401", "correlationVector":"PxoboB7JGfvH5qQqQ2bx/M.1","action":"SyncServerConnectionManagerRequest", "result":"SYNC_SERVER_OK", "context":{"environment":"Prod_southeastasia_prod-s01-064-apac-southeastasia", "migrationStage":"NotStarted", "server":"akswtt10000001j"}}
{"logTime": "0812/153401", "correlationVector":"PxoboB7JGfvH5qQqQ2bx/M.2","action":"GetUpdates Response", "result":"Success", "context":Received 0 update(s). cV=PxoboB7JGfvH5qQqQ2bx/M.0;server=akswtt10000001j;cloudType=Multitenant;environment=Prod_southeastasia_prod-s01-064-apac-southeastasia;migrationStage=NotStarted}
{"logTime": "0812/153402", "correlationVector":"eoqQFMjE/4Ujmomq/LNcz9","action":"Commit Request", "result":"", "context":Item count: 5
Contributing types: Sessions, History}
{"logTime": "0812/153402", "correlationVector":"eoqQFMjE/4Ujmomq/LNcz9.1","action":"SyncServerConnectionManagerRequest", "result":"SYNC_SERVER_OK", "context":{"environment":"Prod_southeastasia_prod-s01-064-apac-southeastasia", "migrationStage":"NotStarted", "server":"akswtt10000000b"}}
{"logTime": "0812/153402", "correlationVector":"eoqQFMjE/4Ujmomq/LNcz9.2","action":"Commit Response", "result":"Success", "context":Result: Success. cV=eoqQFMjE/4Ujmomq/LNcz9.0;server=akswtt10000000b;cloudType=Multitenant;environment=Prod_southeastasia_prod-s01-064-apac-southeastasia;migrationStage=NotStarted}
{"logTime": "0812/153402", "correlationVector":"eoqQFMjE/4Ujmomq/LNcz9.3","action":"Commit.Sessions", "result":"Success", "context":{"id":"dc77a2a0-84f8-4210-9447-18389480207b", "isDeleted":"true", "size":"0", "version":"1755009640223"}}
{"logTime": "0812/153502", "correlationVector":"iz3cFvuSCXHG3bVTEQ5wHs","action":"Commit Request", "result":"", "context":Item count: 2
Contributing types: Sessions, History}
{"logTime": "0812/153502", "correlationVector":"iz3cFvuSCXHG3bVTEQ5wHs.1","action":"SyncServerConnectionManagerRequest", "result":"SYNC_SERVER_OK", "context":{"environment":"Prod_southeastasia_prod-s01-064-apac-southeastasia", "migrationStage":"NotStarted", "server":"akswtt10000001f"}}
{"logTime": "0812/153502", "correlationVector":"iz3cFvuSCXHG3bVTEQ5wHs.2","action":"Commit Response", "result":"Success", "context":Result: Success. cV=iz3cFvuSCXHG3bVTEQ5wHs.0;server=akswtt10000001f;cloudType=Multitenant;environment=Prod_southeastasia_prod-s01-064-apac-southeastasia;migrationStage=NotStarted}
{"logTime": "0812/153825", "correlationVector":"/SIiLljwOU5vo4ot4ur4T+","action":"Commit Request", "result":"", "context":Item count: 6
Contributing types: Sessions, History}
{"logTime": "0812/153825", "correlationVector":"/SIiLljwOU5vo4ot4ur4T+.1","action":"SyncServerConnectionManagerRequest", "result":"SYNC_SERVER_OK", "context":{"environment":"Prod_southeastasia_prod-s01-064-apac-southeastasia", "migrationStage":"NotStarted", "server":"akswtt10000000k"}}
{"logTime": "0812/153825", "correlationVector":"/SIiLljwOU5vo4ot4ur4T+.2","action":"Commit Response", "result":"Success", "context":Result: Success. cV=/SIiLljwOU5vo4ot4ur4T+.0;server=akswtt10000000k;cloudType=Multitenant;environment=Prod_southeastasia_prod-s01-064-apac-southeastasia;migrationStage=NotStarted}
{"logTime": "0812/162525", "correlationVector":"U4c2fVccrxncvnGdFgiEYU.1","action":"SyncServerConnectionManagerRequest", "result":"SYNC_SERVER_OK", "context":{"environment":"Prod_southeastasia_prod-s01-064-apac-southeastasia", "migrationStage":"NotStarted", "server":"akswtt10000002o"}}
{"logTime": "0812/162526", "correlationVector":"U4c2fVccrxncvnGdFgiEYU.2","action":"AAD.Mip.Unpack", "result":"Success", "context":MIP_CLOUD_COMMERCIAL:Success}
{"logTime": "0812/162526", "correlationVector":"U4c2fVccrxncvnGdFgiEYU.3","action":"EncryptionKeysManager::SetEncryptionKeys:", "result":"Success", "context":Key names[4]:[ic8luNzfrPCVFzIyC1mHK4SenV99zVcV8FBWiJP79m8guVmqHQJu1DypIg21YQLE+rrHdT18KwjJ2p4t/XCOMQ==][oPOuEvhObDoOZESbwV24lYJ62yti17mmBT4ifKfjYBhaZaftpCXn1jaNRCNSCAmxSYqFQnjpSCxQ3lMqqXk6aw==][H/a5KCQOKA7Q3g6pvsMZUlxiZkCweUH1bawWVEno4byE7+r5QMWy3i/nttFJu3oCApf3dMP+QvXo3qIxMpNBPg==][YEVIBadLqHPqab0U7vp9mPp5oZCo3SWcQzSbd3bfwj5r5h+idmUaHR4ZJ3zyhF/XqpAp1iMquSQWVQQm5BOGlw==]}
{"logTime": "0812/162526", "correlationVector":"U4c2fVccrxncvnGdFgiEYU.4","action":"AAD.GetKeyResponse", "result":"Success", "context":Keys=4.LastKeyStatus=Active. 2025-02-12 22:34:42 +08.State=None. Tags: Current_encryption_keys_tag = 77+977+977+977+9TsS/77+9c++/ve+/vUnvv70m77+9cBpxN1ZD77+93JYnUe+/vRRRdA==, Updated_current_encryption_keys_tag = Empty. Emails: ["delossantosj@students.nu-dasma.edu.ph"]}
{"logTime": "0812/162526", "correlationVector":"U4c2fVccrxncvnGdFgiEYU.5","action":"ProcessGetUpdates", "result":"Done", "context":{"dataType":"Encryption Keys", "deleted":"0", "process_failed_to_decrypt":"0", "process_pending_decryption":"0", "process_success":"1", "total":"1"}}
{"logTime": "0812/162526", "correlationVector":"U4c2fVccrxncvnGdFgiEYU","action":"Initial GetUpdates", "result":"", "context":Reason: NEW_CLIENT. cV=U4c2fVccrxncvnGdFgiEYU}
{"logTime": "0812/162526", "correlationVector":"U4c2fVccrxncvnGdFgiEYU.6","action":"GetUpdates Response", "result":"Success", "context":Received 1 update(s). cV=U4c2fVccrxncvnGdFgiEYU.0;server=akswtt10000002o;cloudType=Multitenant;environment=Prod_southeastasia_prod-s01-064-apac-southeastasia;migrationStage=NotStarted}
{"logTime": "0812/162526", "correlationVector":"cTjnTF6r/Bp4jzPTeXHdKK","action":"Normal GetUpdate request", "result":"", "context":cV=cTjnTF6r/Bp4jzPTeXHdKK
Nudged types: Sessions, History
Refresh requested types: Bookmarks, Preferences, Passwords, Autofill Profiles, Autofill, Extensions, Sessions, Extension settings, History Delete Directives, Device Info, User Consents, Send Tab To Self, Web Apps, History, Saved Tab Group, WebAuthn Credentials, Collection, Edge E Drop, Edge Hub App Usage, Edge Wallet, Encryption Keys}
{"logTime": "0812/162526", "correlationVector":"cTjnTF6r/Bp4jzPTeXHdKK.1","action":"SyncServerConnectionManagerRequest", "result":"SYNC_SERVER_OK", "context":{"environment":"Prod_southeastasia_prod-s01-064-apac-southeastasia", "migrationStage":"NotStarted", "server":"akswtt100000020"}}
{"logTime": "0812/162526", "correlationVector":"cTjnTF6r/Bp4jzPTeXHdKK.2","action":"ProcessGetUpdates", "result":"Done", "context":{"dataType":"Sessions", "deleted":"2", "process_failed_to_decrypt":"0", "process_pending_decryption":"0", "process_success":"4", "total":"4"}}
{"logTime": "0812/162526", "correlationVector":"cTjnTF6r/Bp4jzPTeXHdKK.3","action":"ProcessGetUpdates", "result":"Done", "context":{"dataType":"Device Info", "deleted":"0", "process_failed_to_decrypt":"0", "process_pending_decryption":"0", "process_success":"1", "total":"1"}}
{"logTime": "0812/162526", "correlationVector":"cTjnTF6r/Bp4jzPTeXHdKK.4","action":"ProcessGetUpdates", "result":"Done", "context":{"dataType":"History", "deleted":"0", "process_failed_to_decrypt":"0", "process_pending_decryption":"0", "process_success":"27", "total":"27"}}
{"logTime": "0812/162526", "correlationVector":"cTjnTF6r/Bp4jzPTeXHdKK.5","action":"GetUpdates Response", "result":"Success", "context":Received 32 update(s). cV=cTjnTF6r/Bp4jzPTeXHdKK.0;server=akswtt100000020;cloudType=Multitenant;environment=Prod_southeastasia_prod-s01-064-apac-southeastasia;migrationStage=NotStarted}
{"logTime": "0812/162526", "correlationVector":"UT5S3vfk9Yv+hx9uJ2TltF","action":"Commit Request", "result":"", "context":Item count: 2
Contributing types: History}
{"logTime": "0812/162526", "correlationVector":"UT5S3vfk9Yv+hx9uJ2TltF.1","action":"SyncServerConnectionManagerRequest", "result":"SYNC_SERVER_OK", "context":{"environment":"Prod_southeastasia_prod-s01-064-apac-southeastasia", "migrationStage":"NotStarted", "server":"akswtt100000028"}}
{"logTime": "0812/162526", "correlationVector":"UT5S3vfk9Yv+hx9uJ2TltF.2","action":"Commit Response", "result":"Success", "context":Result: Success. cV=UT5S3vfk9Yv+hx9uJ2TltF.0;server=akswtt100000028;cloudType=Multitenant;environment=Prod_southeastasia_prod-s01-064-apac-southeastasia;migrationStage=NotStarted}
{"logTime": "0812/162626", "correlationVector":"nuJLJ8dxSN/5g7WbwU0C4x","action":"Commit Request", "result":"", "context":Item count: 3
Contributing types: Sessions, History}
{"logTime": "0812/162627", "correlationVector":"nuJLJ8dxSN/5g7WbwU0C4x.1","action":"SyncServerConnectionManagerRequest", "result":"SYNC_SERVER_OK", "context":{"environment":"Prod_southeastasia_prod-s01-064-apac-southeastasia", "migrationStage":"NotStarted", "server":"akswtt100000020"}}
{"logTime": "0812/162627", "correlationVector":"nuJLJ8dxSN/5g7WbwU0C4x.2","action":"Commit Response", "result":"Success", "context":Result: Success. cV=nuJLJ8dxSN/5g7WbwU0C4x.0;server=akswtt100000020;cloudType=Multitenant;environment=Prod_southeastasia_prod-s01-064-apac-southeastasia;migrationStage=NotStarted}
{"logTime": "0812/163506", "correlationVector":"yxrYSv++NFK7XnBCO/nokq.1","action":"SyncServerConnectionManagerRequest", "result":"SYNC_SERVER_OK", "context":{"environment":"Prod_southeastasia_prod-s01-064-apac-southeastasia", "migrationStage":"NotStarted", "server":"akswtt100000024"}}
{"logTime": "0812/163507", "correlationVector":"yxrYSv++NFK7XnBCO/nokq.2","action":"AAD.Mip.Unpack", "result":"Success", "context":MIP_CLOUD_COMMERCIAL:Success}
{"logTime": "0812/163507", "correlationVector":"yxrYSv++NFK7XnBCO/nokq.3","action":"EncryptionKeysManager::SetEncryptionKeys:", "result":"Success", "context":Key names[4]:[ic8luNzfrPCVFzIyC1mHK4SenV99zVcV8FBWiJP79m8guVmqHQJu1DypIg21YQLE+rrHdT18KwjJ2p4t/XCOMQ==][oPOuEvhObDoOZESbwV24lYJ62yti17mmBT4ifKfjYBhaZaftpCXn1jaNRCNSCAmxSYqFQnjpSCxQ3lMqqXk6aw==][H/a5KCQOKA7Q3g6pvsMZUlxiZkCweUH1bawWVEno4byE7+r5QMWy3i/nttFJu3oCApf3dMP+QvXo3qIxMpNBPg==][YEVIBadLqHPqab0U7vp9mPp5oZCo3SWcQzSbd3bfwj5r5h+idmUaHR4ZJ3zyhF/XqpAp1iMquSQWVQQm5BOGlw==]}
{"logTime": "0812/163507", "correlationVector":"yxrYSv++NFK7XnBCO/nokq.4","action":"AAD.GetKeyResponse", "result":"Success", "context":Keys=4.LastKeyStatus=Active. 2025-02-12 22:34:42 +08.State=None. Tags: Current_encryption_keys_tag = 77+977+977+977+9TsS/77+9c++/ve+/vUnvv70m77+9cBpxN1ZD77+93JYnUe+/vRRRdA==, Updated_current_encryption_keys_tag = Empty. Emails: ["delossantosj@students.nu-dasma.edu.ph"]}
{"logTime": "0812/163507", "correlationVector":"yxrYSv++NFK7XnBCO/nokq.5","action":"ProcessGetUpdates", "result":"Done", "context":{"dataType":"Encryption Keys", "deleted":"0", "process_failed_to_decrypt":"0", "process_pending_decryption":"0", "process_success":"1", "total":"1"}}
{"logTime": "0812/163507", "correlationVector":"yxrYSv++NFK7XnBCO/nokq","action":"Initial GetUpdates", "result":"", "context":Reason: NEW_CLIENT. cV=yxrYSv++NFK7XnBCO/nokq}
{"logTime": "0812/163507", "correlationVector":"yxrYSv++NFK7XnBCO/nokq.6","action":"GetUpdates Response", "result":"Success", "context":Received 1 update(s). cV=yxrYSv++NFK7XnBCO/nokq.0;server=akswtt100000024;cloudType=Multitenant;environment=Prod_southeastasia_prod-s01-064-apac-southeastasia;migrationStage=NotStarted}
{"logTime": "0812/163507", "correlationVector":"Q/Sqw1C+oGuDs4KzhKDdmf","action":"Normal GetUpdate request", "result":"", "context":cV=Q/Sqw1C+oGuDs4KzhKDdmf
Nudged types: Sessions, History
Refresh requested types: Bookmarks, Preferences, Passwords, Autofill Profiles, Autofill, Extensions, Sessions, Extension settings, History Delete Directives, Device Info, User Consents, Send Tab To Self, Web Apps, History, Saved Tab Group, WebAuthn Credentials, Collection, Edge E Drop, Edge Hub App Usage, Edge Wallet, Encryption Keys}
{"logTime": "0812/163507", "correlationVector":"Q/Sqw1C+oGuDs4KzhKDdmf.1","action":"SyncServerConnectionManagerRequest", "result":"SYNC_SERVER_OK", "context":{"environment":"Prod_southeastasia_prod-s01-064-apac-southeastasia", "migrationStage":"NotStarted", "server":"akswtt100000013"}}
{"logTime": "0812/163507", "correlationVector":"Q/Sqw1C+oGuDs4KzhKDdmf.2","action":"ProcessGetUpdates", "result":"Done", "context":{"dataType":"Sessions", "deleted":"0", "process_failed_to_decrypt":"0", "process_pending_decryption":"0", "process_success":"2", "total":"2"}}
{"logTime": "0812/163507", "correlationVector":"Q/Sqw1C+oGuDs4KzhKDdmf.3","action":"ProcessGetUpdates", "result":"Done", "context":{"dataType":"History", "deleted":"0", "process_failed_to_decrypt":"0", "process_pending_decryption":"0", "process_success":"2", "total":"2"}}
{"logTime": "0812/163507", "correlationVector":"Q/Sqw1C+oGuDs4KzhKDdmf.4","action":"GetUpdates Response", "result":"Success", "context":Received 4 update(s). cV=Q/Sqw1C+oGuDs4KzhKDdmf.0;server=akswtt100000013;cloudType=Multitenant;environment=Prod_southeastasia_prod-s01-064-apac-southeastasia;migrationStage=NotStarted}
{"logTime": "0812/163508", "correlationVector":"xjngM2ifPctBNrmXq5etat","action":"Commit Request", "result":"", "context":Item count: 10
Contributing types: Sessions, History}
{"logTime": "0812/163508", "correlationVector":"xjngM2ifPctBNrmXq5etat.1","action":"SyncServerConnectionManagerRequest", "result":"SYNC_SERVER_OK", "context":{"environment":"Prod_southeastasia_prod-s01-064-apac-southeastasia", "migrationStage":"NotStarted", "server":"akswtt100000020"}}
{"logTime": "0812/163508", "correlationVector":"xjngM2ifPctBNrmXq5etat.2","action":"Commit Response", "result":"Success", "context":Result: Success. cV=xjngM2ifPctBNrmXq5etat.0;server=akswtt100000020;cloudType=Multitenant;environment=Prod_southeastasia_prod-s01-064-apac-southeastasia;migrationStage=NotStarted}
{"logTime": "0812/163608", "correlationVector":"mlJWMtCqgxqRcPTCn0cl+F","action":"Commit Request", "result":"", "context":Item count: 4
Contributing types: Sessions, History}
{"logTime": "0812/163609", "correlationVector":"mlJWMtCqgxqRcPTCn0cl+F.1","action":"SyncServerConnectionManagerRequest", "result":"SYNC_SERVER_OK", "context":{"environment":"Prod_southeastasia_prod-s01-064-apac-southeastasia", "migrationStage":"NotStarted", "server":"akswtt100000024"}}
{"logTime": "0812/163609", "correlationVector":"mlJWMtCqgxqRcPTCn0cl+F.3","action":"Commit.Sessions", "result":"Success", "context":{"id":"4c4e0c22-f966-46be-8136-e8ce61b4f099", "isDeleted":"true", "size":"0", "version":"1755016507926"}}
{"logTime": "0812/163609", "correlationVector":"mlJWMtCqgxqRcPTCn0cl+F.2","action":"Commit Response", "result":"Success", "context":Result: Success. cV=mlJWMtCqgxqRcPTCn0cl+F.0;server=akswtt100000024;cloudType=Multitenant;environment=Prod_southeastasia_prod-s01-064-apac-southeastasia;migrationStage=NotStarted}
{"logTime": "0812/163836", "correlationVector":"VnaLUu+MpPJWpA2G+IJ059","action":"Commit Request", "result":"", "context":Item count: 8
Contributing types: Sessions, History}
{"logTime": "0812/163836", "correlationVector":"VnaLUu+MpPJWpA2G+IJ059.1","action":"SyncServerConnectionManagerRequest", "result":"SYNC_SERVER_OK", "context":{"environment":"Prod_southeastasia_prod-s01-064-apac-southeastasia", "migrationStage":"NotStarted", "server":"akswtt100000027"}}
{"logTime": "0812/163836", "correlationVector":"VnaLUu+MpPJWpA2G+IJ059.2","action":"Commit Response", "result":"Success", "context":Result: Success. cV=VnaLUu+MpPJWpA2G+IJ059.0;server=akswtt100000027;cloudType=Multitenant;environment=Prod_southeastasia_prod-s01-064-apac-southeastasia;migrationStage=NotStarted}
{"logTime": "0812/163942", "correlationVector":"oqsE/jIIN3TQWCFOIjG6n6","action":"Commit Request", "result":"", "context":Item count: 6
Contributing types: Sessions, History}
{"logTime": "0812/163943", "correlationVector":"oqsE/jIIN3TQWCFOIjG6n6.1","action":"SyncServerConnectionManagerRequest", "result":"SYNC_SERVER_OK", "context":{"environment":"Prod_southeastasia_prod-s01-064-apac-southeastasia", "migrationStage":"NotStarted", "server":"akswtt10000001r"}}
{"logTime": "0812/163943", "correlationVector":"oqsE/jIIN3TQWCFOIjG6n6.2","action":"Commit Response", "result":"Success", "context":Result: Success. cV=oqsE/jIIN3TQWCFOIjG6n6.0;server=akswtt10000001r;cloudType=Multitenant;environment=Prod_southeastasia_prod-s01-064-apac-southeastasia;migrationStage=NotStarted}
